<?xml version="1.0" encoding="UTF-8"?>
<!-- Generated by org.testng.reporters.JUnitReportReporter -->
<testsuite hostname="Eeeashan" failures="0" tests="1" name="com.w2a.testcases.LoginTest" time="0.000" errors="0" timestamp="24 Jun 2022 18:58:01 GMT" skipped="1">
  <testcase classname="com.w2a.testcases.LoginTest" name="loginAsBankManager" time="0.000">
    <skipped/>
  </testcase> <!-- loginAsBankManager -->
</testsuite> <!-- com.w2a.testcases.LoginTest -->
